C251 COMPILER V5.60.0,  display                                                            24/04/23  18:25:30  PAGE 1   


C251 COMPILER V5.60.0, COMPILATION OF MODULE display
OBJECT MODULE PLACED IN .\obj\display.obj
COMPILER INVOKED BY: D:\KeilMDK\C251\BIN\C251.EXE Hardware\DisPlay\display.c XSMALL INTR2 OPTIMIZE(0,SPEED) BROWSE INCDI
                    -R(.\User;.\Hardware\ADC;.\Hardware\CalcCPS;.\Hardware\CalcDoseRate;.\Hardware\Cmd;.\Hardware\DisPlay;.\Hardware\Flash;.\
                    -Hardware\IIC;.\Hardware\Mcp4725;.\Hardware\Sensor;.\Hardware\SPI;.\Hardware\System;.\Hardware\Uart) PRINT(.\obj\display.
                    -lst) OBJECT(.\obj\display.obj) 

stmt  level    source

    1          #include "main.h"
    2          #include "display.h"
    3          
    4          #define DELAY_TIME 250
    5          const unsigned char disparr[]={
    6          0x3f,0x06,0x5b,0x4f,    //0~3
    7          0x66,0x6d,0x7d,0x07,    //4~7
    8          0x7f,0x6f,0x77,0x7c,    //8~b
    9          0x39,0x5e,0x79,0x71,    //c~f
   10          0x00};
   11          
   12          //显示浮点数字，最大4位数
   13          void DisplayNum(float cdata)
   14          {
   15   1              char buf[10];
   16   1              unsigned char i,j;
   17   1              
   18   1              sprintf(buf, "%3.1f", cdata);
   19   1              
   20   1              if(cdata >= 999.95)//显示无小数点
   21   1              {
   22   2                      P1 &= 0xe1; 
   23   2                      for(i=0; i<4; i++)
   24   2                      {
   25   3                              P7 = disparr[buf[i]-'0'];
   26   3                              P1 |= (0x10>>i);
   27   3                              delay_us(DELAY_TIME);
   28   3                              P1 &= 0xe1;
   29   3                      }
   30   2              }
   31   1              /*else//带一个小数点//小数位数不确定
   32   1              {
   33   1                      
   34   1                      P1 &= 0xe1;
   35   1                      j=0;
   36   1                      for(i=0; i<5; i++)
   37   1                      {
   38   1                              P7 = disparr[buf[i]-'0'];
   39   1                              if(buf[i+1] == '.')
   40   1                              {
   41   1                                      i++;
   42   1                                      P7 |= 0x80;
   43   1                              }
   44   1                              P1 |= (0x10>>j);
   45   1                              j++;
   46   1                              delay_us(DELAY_TIME);
   47   1                              P1 &= 0xe1;
   48   1                      }
   49   1              }*/
   50   1              else //只有一位小数
   51   1              {
   52   2                      if(cdata>=99.95)
   53   2                      {
   54   3                      }
   55   2                      else if(cdata >= 9.95)
   56   2                      {
C251 COMPILER V5.60.0,  display                                                            24/04/23  18:25:30  PAGE 2   

   57   3                              buf[0] = 16+'0';
   58   3                              sprintf(&buf[1], "%.1f", cdata);
   59   3                      }
   60   2                      else
   61   2                      {
   62   3                              buf[0] = 16+'0';
   63   3                              buf[1] = 16+'0';
   64   3                              sprintf(&buf[2], "%.1f", cdata);
   65   3                      }
   66   2                      
   67   2                      P1 &= 0xe1;
   68   2                      j=0;
   69   2                      for(i=0; i<5; i++)
   70   2                      {
   71   3                              P7 = disparr[buf[i]-'0'];
   72   3                              if(buf[i+1] == '.')
   73   3                              {
   74   4                                      i++;
   75   4                                      P7 |= 0x80;
   76   4                              }
   77   3                              P1 |= (0x10>>j);
   78   3                              j++;
   79   3                              delay_us(DELAY_TIME);
   80   3                              P1 &= 0xe1;
   81   3                      }
   82   2              }
   83   1      }
   84          
   85          void DisplayErr(char errType)//1-E1; 2-E2; 3-E3; 4-E4; 5-E5
   86          {
   87   1              P1 &= 0xe1;
   88   1              P7 = disparr[0x0e];
   89   1              P1 |= 0x10;
   90   1              delay_us(DELAY_TIME);
   91   1              P1 &= 0xe1;
   92   1              P7 = disparr[errType];
   93   1              P1 |= 0x08;
   94   1              delay_us(DELAY_TIME);
   95   1      }


Module Information          Static   Overlayable
------------------------------------------------
  code size            =       452     ------
  ecode size           =    ------     ------
  data size            =    ------     ------
  idata size           =    ------     ------
  pdata size           =    ------     ------
  xdata size           =    ------     ------
  xdata-const size     =    ------     ------
  edata size           =        17     ------
  bit size             =    ------     ------
  ebit size            =    ------     ------
  bitaddressable size  =    ------     ------
  ebitaddressable size =    ------     ------
  far data size        =    ------     ------
  huge data size       =    ------     ------
  const size           =    ------     ------
  hconst size          =        28     ------
End of Module Information.


C251 COMPILATION COMPLETE.  0 WARNING(S),  0 ERROR(S)
