A251 MACRO ASSEMBLER  ISR                                                                   28/03/23 15:28:01 PAGE     1


MACRO ASSEMBLER A251 V4.69.13.0
OBJECT MODULE PLACED IN .\obj\ISR.obj
ASSEMBLER INVOKED BY: D:\KeilMDK\C251\BIN\A251.EXE ISR.asm MODSRC INTR2 SET(XSMALL) PRINT(.\obj\ISR.lst) OBJECT(.\obj\IS
                      R.obj) EP

LOC    OBJ             LINE     SOURCE

00012B                    1             CSEG    AT 012BH
00012B 8000       F       2             JMP             P0INT_ISR
00012D                    3     P0INT_ISR:
00012D 02006B             4             JMP             006BH
000133                    5             CSEG    AT 0133H
000133 8000       F       6             JMP             P1INT_ISR
000135                    7     P1INT_ISR:
000135 02006B             8             JMP             006BH
                          9             
                         10             END
A251 MACRO ASSEMBLER  ISR                                                                   28/03/23 15:28:01 PAGE     2

SYMBOL TABLE LISTING
------ ----- -------


N A M E    T Y P E  V A L U E     ATTRIBUTES

P0INT_ISR. . . . .  C  ADDR  012DH     R   SEG=?CO?ISR?1
P1INT_ISR. . . . .  C  ADDR  0135H     R   SEG=?CO?ISR?2


REGISTER BANK(S) USED: 


ASSEMBLY COMPLETE.  0 WARNING(S), 0 ERROR(S).
