C251 COMPILER V5.60.0,  mcp4725                                                            18/12/23  18:42:09  PAGE 1   


C251 COMPILER V5.60.0, COMPILATION OF MODULE mcp4725
OBJECT MODULE PLACED IN .\obj\mcp4725.obj
COMPILER INVOKED BY: D:\KeilMDK\C251\BIN\C251.EXE Hardware\Mcp4725\mcp4725.c XSMALL INTR2 OPTIMIZE(0,SPEED) BROWSE INCDI
                    -R(.\User;.\Hardware\ADC;.\Hardware\CalcCPS;.\Hardware\CalcDoseRate;.\Hardware\Cmd;.\Hardware\DisPlay;.\Hardware\Flash;.\
                    -Hardware\IIC;.\Hardware\Mcp4725;.\Hardware\Sensor;.\Hardware\SPI;.\Hardware\System;.\Hardware\Uart;.\User) PRINT(.\obj\m
                    -cp4725.lst) OBJECT(.\obj\mcp4725.obj) 

stmt  level    source

    1          #include "main.h"
    2          #include "mcp4725.h"
    3          #include "i2c.h"
    4          
    5          //========================================================================
    6          // 函数名称: void MCP4725_OutVol(BYTE addr,char *voltage)
    7          // 函数功能: 转换输出为电压值
    8          // 入口参数: @addr：I2C地址；@*voltage：要转换的数据指针
    9          // 函数返回: 无
   10          // 当前版本: VER1.0
   11          // 修改日期: 2023.5.5
   12          // 当前作者:
   13          // 其他备注: 
   14          //========================================================================
   15          void MCP4725_OutVol(BYTE addr,char *voltage)
   16          {
   17   1              DWORD uiVolTemp;
   18   1          unsigned int vol_tmp;
   19   1              BYTE out_data = 0;
   20   1          char yuzhibuf[5]={0};
   21   1              
   22   1              memcpy(yuzhibuf,voltage,4);
   23   1          yuzhibuf[4] = 0;
   24   1          vol_tmp = atoi(yuzhibuf);
   25   1              if(vol_tmp > MCP4725_REF_VOL)
   26   1              {
   27   2                      //printf("input voltage > ref voltage\r\n");
   28   2                      return;
   29   2              }
   30   1      
   31   1          uiVolTemp = vol_tmp;
   32   1      
   33   1              uiVolTemp = uiVolTemp*4096l/MCP4725_REF_VOL;
   34   1              I2C_Start(1);
   35   1              out_data = addr<<1;
   36   1              I2C_Write_Byte(1);
   37   1              I2C_ReadAck(1);
   38   1              out_data = ((uiVolTemp>>8)&0xf)|MCP4725_PD_MODE;    // 高8位
   39   1              I2C_Write_Byte(1);
   40   1              I2C_ReadAck(1);
   41   1              out_data = uiVolTemp & 0xff;                        // 低8位
   42   1              I2C_Write_Byte(1);
   43   1              I2C_ReadAck(1);
   44   1              I2C_Stop(1);
   45   1      }
   46          
   47          #if 0
               unsigned int MCP4725_Read(unsigned char addr)
               {
                       unsigned int uiTemp1,uiTemp2,dat;
               
                       I2C_Start();
                       I2C_Write_Byte((addr<<1) | 1);
                       I2C_Read_Byte(I2C_ACK);
                       uiTemp1 = I2C_Read_Byte(I2C_ACK);
                       uiTemp2 = I2C_Read_Byte(I2C_NACK);
C251 COMPILER V5.60.0,  mcp4725                                                            18/12/23  18:42:09  PAGE 2   

                       I2C_Stop();
                       dat = ((uiTemp1&0xf)<<4 |(uiTemp2>>4) ) | (uiTemp1<<4); 
                       return dat;
               }
               #endif
   62          


Module Information          Static   Overlayable
------------------------------------------------
  code size            =       891     ------
  ecode size           =    ------     ------
  data size            =    ------     ------
  idata size           =    ------     ------
  pdata size           =    ------     ------
  xdata size           =    ------     ------
  xdata-const size     =    ------     ------
  edata size           =        20     ------
  bit size             =    ------     ------
  ebit size            =    ------     ------
  bitaddressable size  =    ------     ------
  ebitaddressable size =    ------     ------
  far data size        =    ------     ------
  huge data size       =    ------     ------
  const size           =    ------     ------
  hconst size          =         5     ------
End of Module Information.


C251 COMPILATION COMPLETE.  0 WARNING(S),  0 ERROR(S)
