C251 COMPILER V5.60.0,  MwPro                                                              06/05/23  14:43:07  PAGE 1   


C251 COMPILER V5.60.0, COMPILATION OF MODULE MwPro
OBJECT MODULE PLACED IN .\obj\MwPro.obj
COMPILER INVOKED BY: D:\KeilMDK\C251\BIN\C251.EXE User\MwPro.c XSMALL INTR2 OPTIMIZE(0,SPEED) BROWSE INCDIR(.\User;.\Har
                    -dware\ADC;.\Hardware\CalcCPS;.\Hardware\CalcDoseRate;.\Hardware\Cmd;.\Hardware\DisPlay;.\Hardware\Flash;.\Hardware\IIC;.
                    -\Hardware\Mcp4725;.\Hardware\Sensor;.\Hardware\SPI;.\Hardware\System;.\Hardware\Uart;.\User) PRINT(.\obj\MwPro.lst) OBJE
                    -CT(.\obj\MwPro.obj) 

stmt  level    source

    1          #include "mwpro.h"
    2          extern u8  RX1_Buffer[]; //接收缓冲
    3          extern u8  RX1_Cnt;
    4          
    5          
    6          BYTE CheckSum1(BYTE *buf, BYTE len)
    7          {
    8   1          BYTE dwSum = 0;
    9   1          BYTE i;
   10   1      
   11   1          for (i = 0; i < len; i++)
   12   1          {
   13   2              dwSum += buf[i];
   14   2          }
   15   1      
   16   1          return dwSum;
   17   1      }
   18          
   19          
   20          BYTE BcdToHex(BYTE Bh, BYTE Bl)
   21          {
   22   1          BYTE temp;
   23   1          if (Bh > 0x39)
   24   1          {
   25   2              temp = Bh - 0x37;
   26   2          }
   27   1          else
   28   1          {
   29   2              temp = Bh - 0x30;
   30   2          }
   31   1      
   32   1          temp <<= 4;
   33   1          temp &=0xF0;
   34   1          
   35   1          if (Bl > 0x39)
   36   1          {
   37   2              temp |= (Bl - 0x37)&0x0F;
   38   2          }
   39   1          else
   40   1          {
   41   2              temp |= (Bl - 0x30)&0x0F;
   42   2          }
   43   1      
   44   1          return temp;
   45   1      }
   46          
   47          
   48          #if 0
               void SendCmd(BYTE Cmd, BYTE *buf, BYTE Length)
               {
                   FRAME_HEAD *head = (FRAME_HEAD*)SendBuf;
                   BYTE Sum;
                   BYTE CkLen = 0;
                   BYTE Str[3] = {0};
                   
                   memset(SendBuf, 0, BUFF_LENGTH);
C251 COMPILER V5.60.0,  MwPro                                                              06/05/23  14:43:07  PAGE 2   

                   
                   head->Head   = HEAD;
                   head->Len    = 8+Length;
                   head->Type   = 0x93;    // 暂时未使用
                   head->Addr   = SysParam.Address;    
                   head->Cmd    = Cmd;
               
                   // data
                   if (Length > 0)
                   {
                       memcpy(&SendBuf[sizeof(FRAME_HEAD)], buf, Length);
                   }
               
                   // CS
                   CkLen = Length+4;
                   Sum = CheckSum(&SendBuf[1], CkLen);
                   sprintf((char *)Str, "%02X", Sum);
                   memcpy(&SendBuf[Length+5], Str, 2);
               
                   SendBuf[Length+7] = TAIL;
               
                   Rs485Send(SendBuf,head->Len);
               
                   //CommIdleTime = 0;
               }
               
               
               
               BOOL ValidUartFrame()
               {
                   FRAME_HEAD *pFrameHead = (FRAME_HEAD *)RecvBuf;
                   BYTE cs;
                   BYTE rs;
                   BYTE CkLen = 0;
                   
                   if ( (RecLength < (sizeof(FRAME_HEAD) + 3)) ||
                     (RecLength >= BUFF_LENGTH) )   // 长度大于最大包长 或 小于 帧头长度
                   {
                       return FALSE;
                   }
                   
                   if (pFrameHead->Head != HEAD)
                   {
                       return FALSE;
                   }
               
                   if (RecvBuf[RecLength-1] != TAIL)
                   {
                       return FALSE;
                   }
               
                   if (pFrameHead->Len != RecLength) // 协议数据长度 大于 实际长度
                   {
                       return FALSE;
                   }
               
                   CkLen = RecLength-4;
                   cs = CheckSum(&RecvBuf[1], CkLen);
                   rs = BcdToHex(RecvBuf[RecLength-3], RecvBuf[RecLength-2]);
                   
                   if (cs != rs)
                   {
                       #ifdef FOR_DEBUG
                       // 把正确的校验码发回去，用于调试
                       memset(RX1_Buffer,0,UART_BUF_LENGTH);
                       sprintf(RX1_Buffer,"%02X",cs);
C251 COMPILER V5.60.0,  MwPro                                                              06/05/23  14:43:07  PAGE 3   

                       Rs485Send(RX1_Buffer, (BYTE)strlen(RX1_Buffer));
                       #endif
                       
                       return FALSE;
                   }
               
                   return TRUE;
               }
               #endif
  132          


Module Information          Static   Overlayable
------------------------------------------------
  code size            =       213     ------
  ecode size           =    ------     ------
  data size            =    ------     ------
  idata size           =    ------     ------
  pdata size           =    ------     ------
  xdata size           =    ------     ------
  xdata-const size     =    ------     ------
  edata size           =        10     ------
  bit size             =    ------     ------
  ebit size            =    ------     ------
  bitaddressable size  =    ------     ------
  ebitaddressable size =    ------     ------
  far data size        =    ------     ------
  huge data size       =    ------     ------
  const size           =    ------     ------
  hconst size          =    ------     ------
End of Module Information.


C251 COMPILATION COMPLETE.  0 WARNING(S),  0 ERROR(S)
