C251 COMPILER V5.60.0,  Sensor                                                             18/12/23  18:42:09  PAGE 1   


C251 COMPILER V5.60.0, COMPILATION OF MODULE Sensor
OBJECT MODULE PLACED IN .\obj\Sensor.obj
COMPILER INVOKED BY: D:\KeilMDK\C251\BIN\C251.EXE Hardware\Sensor\Sensor.c XSMALL INTR2 OPTIMIZE(0,SPEED) BROWSE INCDIR(
                    -.\User;.\Hardware\ADC;.\Hardware\CalcCPS;.\Hardware\CalcDoseRate;.\Hardware\Cmd;.\Hardware\DisPlay;.\Hardware\Flash;.\Ha
                    -rdware\IIC;.\Hardware\Mcp4725;.\Hardware\Sensor;.\Hardware\SPI;.\Hardware\System;.\Hardware\Uart;.\User) PRINT(.\obj\Sen
                    -sor.lst) OBJECT(.\obj\Sensor.obj) 

stmt  level    source

    1          #include "Sensor.h"
    2          #include "CalcDoseRate.h"
    3          
    4          
    5          extern LP_SYSTEM_STTAE SysRunState;
    6          
    7          extern unsigned long Get_HV_Vol();
    8          
    9          #ifdef POE_SEN
   10          #define USE_MID_FIX  80         // ·Ö¶ÎÄâºÏ
   11          #define USE_LOW_USV 800             //1mSv
   12          #define USE_HIGH_USV 1200               //1.2mSv
   13          #else
               #define USE_LOW_USV   1000              //1mSv
               #define USE_HIGH_USV 2000               //2mSv
               #endif
   17          
   18          extern LP_SYSTEM_STTAE SysRunState;
   19          extern u32 GetCounter(void);
   20          
   21          u8 CPSFlag = 0;
   22          
   23          static float LowSmothCPS;
   24          static float LowNOSmothCPS;
   25          static float LowSumCPS;
   26          
   27          float parama,paramb,paramc,paramd;
   28          
   29          void SensorInit(void)
   30          {
   31   1              InitArr();
   32   1              
   33   1              parama = SysRunState.stParam.s_Jiaozhun.DI_A;                   //0.63;
   34   1              paramb = SysRunState.stParam.s_Jiaozhun.DI_B;                   //0.00019;
   35   1              paramc = SysRunState.stParam.s_Jiaozhun.DI_C;                   //SysRunState.stParam.s_SysParam.Canshu1
             -;
   36   1              //memset((void*)&SysRunState.s_DoseMSG,0,sizeof(STU_DOSERATE));
   37   1              SysRunState.s_DoseMSG.DoseRate = 0;
   38   1              SysRunState.s_DoseMSG.State = 0;
   39   1              
   40   1              SysRunState.SensorType = LOW;           //GetSensorType();
   41   1              RefreshParam();
   42   1              
   43   1              SensorMeasureBegin();                   //¿ªÊ¼²âÁ¿ 
   44   1      }
   45          
   46          void RefreshParam(void)
   47          {
   48   1              parama = SysRunState.stParam.s_Jiaozhun.DI_A;       //0.63;
   49   1              paramb = SysRunState.stParam.s_Jiaozhun.DI_B;       //0.00019;
   50   1              paramc = SysRunState.stParam.s_Jiaozhun.DI_C;
   51   1              #ifdef POE_SEN
   52   1          paramd = SysRunState.stParam.s_Jiaozhun.DI_D;
   53   1          #endif
   54   1      }
   55          
C251 COMPILER V5.60.0,  Sensor                                                             18/12/23  18:42:09  PAGE 2   

   56          void SensorMeasureBegin(void)
   57          { 
   58   1              GetCounter();
   59   1      }
   60          
   61          u8 GetSensorType(void)
   62          {
   63   1              u8 temp = (P7 >> 5)&0x03;
   64   1              if(temp == 0)
   65   1              {
   66   2                      return LOW;
   67   2              }
   68   1      //      else if(temp == 3)
   69   1      //      {
   70   1      //              return HIGH;
   71   1      //      }
   72   1      //      else if(temp == 3)
   73   1      //      {
   74   1      //              return WHOLE;
   75   1      //      }
   76   1              return LOW;
   77   1      }
   78          
   79          #ifdef POE_SEN
   80          void UseLowParam(float dr)
   81          {
   82   1          if (dr< 80)
   83   1          {
   84   2              parama = SysRunState.stParam.s_Jiaozhun.DI_A;
   85   2                      paramb = SysRunState.stParam.s_Jiaozhun.DI_B;
   86   2                      paramc = SysRunState.stParam.s_Jiaozhun.DI_C;
   87   2              paramd = SysRunState.stParam.s_Jiaozhun.DI_D;
   88   2          }
   89   1      //    else
   90   1      //    {
   91   1      //        parama = SysRunState.stParam.s_Jiaozhun.MID_A;
   92   1      //              paramb = SysRunState.stParam.s_Jiaozhun.MID_B;
   93   1      //              paramc = SysRunState.stParam.s_Jiaozhun.MID_C;
   94   1      //        paramd = SysRunState.stParam.s_Jiaozhun.MID_D;
   95   1      //    }
   96   1      }
   97          #endif
   98          
   99          //========================================================================
  100          // º¯ÊýÃû³Æ: void CaptureSensorPluseCounter(void)
  101          // º¯Êý¹¦ÄÜ: ²¶»ñ´«¸ÐÆ÷µÄÂö³å¼ÆÊý
  102          // Èë¿Ú²ÎÊý: @ÎÞ
  103          // º¯Êý·µ»Ø: ÎÞ
  104          // µ±Ç°°æ±¾: VER1.0
  105          // ÐÞ¸ÄÈÕÆÚ: 2023.5.5
  106          // µ±Ç°×÷Õß:
  107          // ÆäËû±¸×¢: 
  108          //========================================================================
  109          void CaptureSensorPluseCounter(void)
  110          {
  111   1              float uSvh;
  112   1          float nSmothCPS;
  113   1              LowSumCPS = GetCounter();
  114   1              if(LowSumCPS == 0)
  115   1              {
  116   2                      SysRunState.LChannelNoCountTime++;
  117   2              }
  118   1              else
  119   1              {
  120   2                      SysRunState.LChannelNoCountTime = 0;
  121   2              }
C251 COMPILER V5.60.0,  Sensor                                                             18/12/23  18:42:09  PAGE 3   

  122   1          
  123   1              SysRunState.s_CPS.CPS1 = LowSumCPS;
  124   1              SysRunState.s_CPS.CPS2 = 0;             //LowSumCPS;
  125   1              nSmothCPS = SmothCpsCalcRate(LowSumCPS, SysRunState.s_DoseMSG.DoseRate, &uSvh);
  126   1              
  127   1          //printf("doserate1 = %f\r\n",uSvh);
  128   1          parama = SysRunState.stParam.s_Jiaozhun.DI_A;
  129   1              paramb = SysRunState.stParam.s_Jiaozhun.DI_B;
  130   1              paramc = SysRunState.stParam.s_Jiaozhun.DI_C;
  131   1          //#ifdef POE_SEN
  132   1          //UseLowParam(uSvh);
  133   1          //#endif
  134   1          //ClearCounter();
  135   1      
  136   1          #ifdef POE_SEN
  137   1          UseLowParam(uSvh);
  138   1          SysRunState.s_DoseMSG.DoseRate  = uSvh;
  139   1          #else
                       SysRunState.s_DoseMSG.DoseRate  = uSvh; 
                   #endif
  142   1          //printf("doserate = %f\r\n",SysRunState.s_DoseMSG.DoseRate);
  143   1              CalcAlarmState(&SysRunState);
  144   1      
  145   1              SysRunState.s_DoseMSG.Dose += SysRunState.s_DoseMSG.DoseRate/3600.0f;
  146   1      }
  147          
  148          float Get_Low_Counter(void)
  149          {
  150   1              return LowNOSmothCPS;
  151   1      }
  152          
  153          float Get_Low_Smooth_Counter(void)
  154          {
  155   1              return LowSmothCPS;
  156   1      }
  157          
  158          //========================================================================
  159          // º¯ÊýÃû³Æ: u16 CalcAlarmState(LP_SYSTEM_STTAE *me)
  160          // º¯Êý¹¦ÄÜ: ¼à²â±¨¾¯×´Ì¬
  161          // Èë¿Ú²ÎÊý: @*me£ºÊý¾Ý
  162          // º¯Êý·µ»Ø: ±¨¾¯×´Ì¬
  163          // µ±Ç°°æ±¾: VER1.0
  164          // ÐÞ¸ÄÈÕÆÚ: 2023.5.5
  165          // µ±Ç°×÷Õß:
  166          // ÆäËû±¸×¢: 
  167          //========================================================================
  168          u16 CalcAlarmState(LP_SYSTEM_STTAE *me)
  169          {
  170   1          #if 1
  171   1          /* ¼ÁÁ¿µ±Á¿±¨¾¯¼ì²é */      
  172   1              if ((me->s_DoseMSG.Dose >= me->stParam.s_Alarm.DoseAlarm)
  173   1              &&(me->stParam.s_Alarm.DoseAlarm > 0)) 
  174   1              { 
  175   2                      me->s_DoseMSG.State |= DOSE_ALARM_BIT;
  176   2          } 
  177   1              else
  178   1              {
  179   2                      me->s_DoseMSG.State &= ~DOSE_ALARM_BIT;
  180   2              }
  181   1          
  182   1              /* ¼ÁÁ¿µ±Á¿Ô¤¾¯¼ì²é */  
  183   1              if( (me->s_DoseMSG.Dose >= me->stParam.s_Alarm.DosePreAlarm)
  184   1              &&(me->stParam.s_Alarm.DosePreAlarm > 0)
  185   1              &&(me->s_DoseMSG.Dose < me->stParam.s_Alarm.DoseAlarm) ) 
  186   1              { 
  187   2                      me->s_DoseMSG.State |= DOSE_PRE_ALARM_BIT;
C251 COMPILER V5.60.0,  Sensor                                                             18/12/23  18:42:09  PAGE 4   

  188   2          } 
  189   1              else
  190   1              {
  191   2                      me->s_DoseMSG.State &= ~DOSE_PRE_ALARM_BIT;
  192   2              }
  193   1          #endif      
  194   1          
  195   1              /* ¼ÁÁ¿µ±Á¿ÂÊ±¨¾¯¼ì²é */        
  196   1              if ( (me->s_DoseMSG.DoseRate >= me->stParam.s_Alarm.DoseRateAlarm)
  197   1              &&(me->stParam.s_Alarm.DoseRateAlarm > 0) ) 
  198   1              { 
  199   2                      if((++me->DoseRateAlarmCnt) >= MIB_CST_DOSERATE_THRESHOLD_ALARM) 
  200   2              {   
  201   3                  //Á¬ÐøÁ½´Î±¨¾¯ÔòÈÏÎª±¨¾¯
  202   3                              me->s_DoseMSG.State |= DOSERATE_ALARM_BIT;
  203   3                      }
  204   2          } 
  205   1          else 
  206   1          {
  207   2                      me->DoseRateAlarmCnt= 0x0;
  208   2                      me->s_DoseMSG.State &= ~DOSERATE_ALARM_BIT;
  209   2              }
  210   1              
  211   1              /* ¼ÁÁ¿µ±Á¿ÂÊÔ¤¾¯¼ì²é */        
  212   1              if ( (me->s_DoseMSG.DoseRate >= me->stParam.s_Alarm.DoseRatePreAlarm)
  213   1              &&(me->s_DoseMSG.DoseRate < me->stParam.s_Alarm.DoseRateAlarm) )
  214   1              { 
  215   2                      if((++me->DoseRatePreAlarmCnt) >= MIB_CST_DOSERATE_THRESHOLD_WARNING) 
  216   2              {
  217   3                  //Á¬ÐøÁ½´Î±¨¾¯ÔòÈÏÎª±¨¾¯
  218   3                              me->s_DoseMSG.State |= DOSERATE_PRE_ALARM_BIT;
  219   3                      }
  220   2          } 
  221   1          else 
  222   1          {
  223   2                      me->DoseRatePreAlarmCnt= 0x0;
  224   2                      me->s_DoseMSG.State &= ~DOSERATE_PRE_ALARM_BIT;
  225   2              }
  226   1      
  227   1              
  228   1              if ((me->s_DoseMSG.Dose >= 10.0*1000*1000)||(me->s_DoseMSG.DoseRate >= 10.0*1000*1000))
  229   1              {
  230   2                      me->s_DoseMSG.State |= OVER_RANGE_BIT;
  231   2                      me->s_DoseMSG.DoseRate = 10.0*1000*1000;
  232   2              }
  233   1              else
  234   1              {
  235   2                      me->s_DoseMSG.State &= ~OVER_RANGE_BIT;
  236   2              }
  237   1      //      if((SysRunState.LChannelNoCountTime > 60)||(SysRunState.LChannelNoCountTime > 600))//1·ÖÖÓÎÞÊý¾Ý,Ì½²âÆ
             -÷Òì³£
  238   1      //      {
  239   1      //              me->s_DoseMSG.State |= LOW_BACK_BIT;
  240   1      //      }
  241   1              //else
  242   1              //{
  243   1                      //me->s_DoseMSG.State &= ~LOW_BACK_BIT;
  244   1              //}
  245   1              if(me->s_CPS.State != me->s_DoseMSG.State)//±¨¾¯ÐÅÏ¢·¢Éú±ä»¯Ôò£¬ÖØÆô·äÃùÆ÷±¨¾¯
  246   1              {
  247   2                      SysRunState.keyValue = 0;
  248   2              }
  249   1              me->s_CPS.State = me->s_DoseMSG.State;
  250   1              return true;
  251   1      }

C251 COMPILER V5.60.0,  Sensor                                                             18/12/23  18:42:09  PAGE 5   


Module Information          Static   Overlayable
------------------------------------------------
  code size            =      1016     ------
  ecode size           =    ------     ------
  data size            =    ------     ------
  idata size           =    ------     ------
  pdata size           =    ------     ------
  xdata size           =    ------     ------
  xdata-const size     =    ------     ------
  edata size           =        46     ------
  bit size             =    ------     ------
  ebit size            =    ------     ------
  bitaddressable size  =    ------     ------
  ebitaddressable size =    ------     ------
  far data size        =    ------     ------
  huge data size       =    ------     ------
  const size           =    ------     ------
  hconst size          =         5     ------
End of Module Information.


C251 COMPILATION COMPLETE.  0 WARNING(S),  0 ERROR(S)
