C251 COMPILER V5.60.0,  SPI                                                                24/04/23  18:25:30  PAGE 1   


C251 COMPILER V5.60.0, COMPILATION OF MODULE SPI
OBJECT MODULE PLACED IN .\obj\SPI.obj
COMPILER INVOKED BY: D:\KeilMDK\C251\BIN\C251.EXE Hardware\SPI\SPI.c XSMALL INTR2 OPTIMIZE(0,SPEED) BROWSE INCDIR(.\User
                    -;.\Hardware\ADC;.\Hardware\CalcCPS;.\Hardware\CalcDoseRate;.\Hardware\Cmd;.\Hardware\DisPlay;.\Hardware\Flash;.\Hardware
                    -\IIC;.\Hardware\Mcp4725;.\Hardware\Sensor;.\Hardware\SPI;.\Hardware\System;.\Hardware\Uart) PRINT(.\obj\SPI.lst) OBJECT(
                    -.\obj\SPI.obj) 

stmt  level    source

    1          #include "SPI.h"
    2          
    3          
    4          void SendSIOData(unsigned char byOut)
    5          {
    6   1         int i=0;
    7   1        
    8   1         for(i=0;i<8;i++)
    9   1         {
   10   2            P4 &= ~(1<<3);
   11   2           if(byOut&0x80)
   12   2           {
   13   3             P4 |= (1<<1);
   14   3           }
   15   2           else
   16   2           {
   17   3             P4 &=~(1<<1);
   18   3           }
   19   2           byOut <<= 1;
   20   2           P4 |= (1<<3);     
   21   2         }
   22   1         P4 &= ~(1<<3);
   23   1      }
   24          
   25          
   26          char ReadSIOData(void)
   27          {
   28   1        char x = 0;
   29   1        
   30   1        int i=0;
   31   1        P4 &= ~(1<<3);
   32   1         for(i=0;i<8;i++)
   33   1         {
   34   2            
   35   2           P4 |= 3;      
   36   2           x <<= 1;
   37   2           if(P4&0x02)
   38   2           {
   39   3             x |=0x01;
   40   3           }
   41   2           
   42   2           P4 &= ~(1<<3);     
   43   2         }
   44   1         P4 &= ~(1<<3);
   45   1        return x;
   46   1      }
   47          
   48          


Module Information          Static   Overlayable
------------------------------------------------
  code size            =       168     ------
  ecode size           =    ------     ------
  data size            =    ------     ------
  idata size           =    ------     ------
  pdata size           =    ------     ------
C251 COMPILER V5.60.0,  SPI                                                                24/04/23  18:25:30  PAGE 2   

  xdata size           =    ------     ------
  xdata-const size     =    ------     ------
  edata size           =         6     ------
  bit size             =    ------     ------
  ebit size            =    ------     ------
  bitaddressable size  =    ------     ------
  ebitaddressable size =    ------     ------
  far data size        =    ------     ------
  huge data size       =    ------     ------
  const size           =    ------     ------
  hconst size          =    ------     ------
End of Module Information.


C251 COMPILATION COMPLETE.  0 WARNING(S),  0 ERROR(S)
